[deliciasdiabeticas.webnode.es/index.html]
[backblue.gif]
[fade.gif]
[index.html]
[d1di2lzuh97fh2.cloudfront.net/files/1j/1jw/1jwyl1ea77.css]
[d1di2lzuh97fh2.cloudfront.net/files/2a/2au/2auacfea77.css]
[d1di2lzuh97fh2.cloudfront.net/files/13/13c/13clcnea77.css]
[d1di2lzuh97fh2.cloudfront.net/files/16/16v/16veq3ea77.css]
[d1di2lzuh97fh2.cloudfront.net/files/4e/4e4/4e4pb6ea77.css]
[d1di2lzuh97fh2.cloudfront.net/files/22/223/2232ifea77.css]
[d1di2lzuh97fh2.cloudfront.net/files/1d/1dp/1dpjsbea77.css]
[d1di2lzuh97fh2.cloudfront.net/files/2w/2wm/2wmnszea77.css]
[d1di2lzuh97fh2.cloudfront.net/client/js.polyfill/container-query-polyfill.modern.js]
[d1di2lzuh97fh2.cloudfront.net/files/0d/0ds/0dscwuea77.css]
[d1di2lzuh97fh2.cloudfront.net/files/1w/1wn/1wn1s7ea77.jpg]
[d1di2lzuh97fh2.cloudfront.net/files/02/02e/02ei6gea77.png]
[c3664e0b2f.cbaul-cdnwnd.com/df4a4d536de6d8ee2e98c531f70d9b2e/200000002-0b8640b866/imagen_2023-10-04_162351230-removebg-previewea77.png]
[c3664e0b2f.cbaul-cdnwnd.com/df4a4d536de6d8ee2e98c531f70d9b2e/200000004-9848c9848d/imagen_2023-10-04_170413568-removebg-previewea77.png]
[c3664e0b2f.cbaul-cdnwnd.com/df4a4d536de6d8ee2e98c531f70d9b2e/200000006-2704e2704f/imagen_2023-10-04_171113852-removebg-previewea77.png]
[c3664e0b2f.cbaul-cdnwnd.com/df4a4d536de6d8ee2e98c531f70d9b2e/200000008-d6169d616a/imagen_2023-10-04_171342747-removebg-previewea77.png]
[c3664e0b2f.cbaul-cdnwnd.com/df4a4d536de6d8ee2e98c531f70d9b2e/200000020-db388db389/imagen_2023-10-05_173010021-removebg-previewea77.png]
[c3664e0b2f.cbaul-cdnwnd.com/df4a4d536de6d8ee2e98c531f70d9b2e/200000024-cef64cef66/CONTROLA_TU_DIABETES_AHORA__4_-removebg-previewea77.png]
[c3664e0b2f.cbaul-cdnwnd.com/df4a4d536de6d8ee2e98c531f70d9b2e/200000022-5264c5264d/imagen_2023-10-05_174107431-removebg-previewea77.png]
[c3664e0b2f.cbaul-cdnwnd.com/df4a4d536de6d8ee2e98c531f70d9b2e/200000016-5ffba5ffbb/imagen_2023-10-05_171721146-removebg-previewea77.png]
[d1di2lzuh97fh2.cloudfront.net/files/16/166/166hllea77.jpg]
[d1di2lzuh97fh2.cloudfront.net/files/2p/2pc/2pcq1uea77.js]
[d1di2lzuh97fh2.cloudfront.net/client.fe/js.compiled/lang.es.1244ea77.js]
[deliciasdiabeticas.webnode.es/index.html]
[d1di2lzuh97fh2.cloudfront.net/files/1j/1jw/1jwyl1ea77.css]
[d1di2lzuh97fh2.cloudfront.net/files/2a/2au/2auacfea77.css]
[d1di2lzuh97fh2.cloudfront.net/client.fe/js.compiled/compiled.multi.2-1597ea77.js]
[d1di2lzuh97fh2.cloudfront.net/files/3p/3pq/3pq60x.png]
[d1di2lzuh97fh2.cloudfront.net/files/13/13c/13clcnea77.css]
[d1di2lzuh97fh2.cloudfront.net/files/16/16v/16veq3ea77.css]
[d1di2lzuh97fh2.cloudfront.net/files/4e/4e4/4e4pb6ea77.css]
[d1di2lzuh97fh2.cloudfront.net/files/22/223/2232ifea77.css]
[d1di2lzuh97fh2.cloudfront.net/files/2r/2rd/2rdzz2ea77.css]
[d1di2lzuh97fh2.cloudfront.net/files/1d/1dp/1dpjsbea77.css]
[d1di2lzuh97fh2.cloudfront.net/files/2w/2wm/2wmnszea77.css]
[d1di2lzuh97fh2.cloudfront.net/files/0d/0ds/0dscwuea77.css]
[deliciasdiabeticas.webnode.es/home/index.html]
